d:\utilities\game_tools\elite-dangerous-x52-mfd\elitedangerousx52mfd\elitedangerousx52mfd\x64\debug\elitedangerousx52mfd.pch
d:\utilities\game_tools\elite-dangerous-x52-mfd\elitedangerousx52mfd\elitedangerousx52mfd\x64\debug\vc142.pdb
d:\utilities\game_tools\elite-dangerous-x52-mfd\elitedangerousx52mfd\elitedangerousx52mfd\x64\debug\vc142.idb
d:\utilities\game_tools\elite-dangerous-x52-mfd\elitedangerousx52mfd\elitedangerousx52mfd\x64\debug\stdafx.obj
d:\utilities\game_tools\elite-dangerous-x52-mfd\elitedangerousx52mfd\elitedangerousx52mfd\x64\debug\jsondatastructure.obj
d:\utilities\game_tools\elite-dangerous-x52-mfd\elitedangerousx52mfd\elitedangerousx52mfd\x64\debug\elitedangerousx52mfd.obj
d:\utilities\game_tools\elite-dangerous-x52-mfd\elitedangerousx52mfd\elitedangerousx52mfd\x64\debug\directoutputfn.obj
d:\utilities\game_tools\elite-dangerous-x52-mfd\elitedangerousx52mfd\x64\debug\elitedangerousx52mfd.exe
d:\utilities\game_tools\elite-dangerous-x52-mfd\elitedangerousx52mfd\x64\debug\elitedangerousx52mfd.ilk
d:\utilities\game_tools\elite-dangerous-x52-mfd\elitedangerousx52mfd\x64\debug\elitedangerousx52mfd.pdb
d:\utilities\game_tools\elite-dangerous-x52-mfd\elitedangerousx52mfd\elitedangerousx52mfd\x64\debug\elitedangerousx52mfd.res
d:\utilities\game_tools\elite-dangerous-x52-mfd\elitedangerousx52mfd\elitedangerousx52mfd\x64\debug\elitedan.3514ffc5.tlog\cl.command.1.tlog
d:\utilities\game_tools\elite-dangerous-x52-mfd\elitedangerousx52mfd\elitedangerousx52mfd\x64\debug\elitedan.3514ffc5.tlog\cl.read.1.tlog
d:\utilities\game_tools\elite-dangerous-x52-mfd\elitedangerousx52mfd\elitedangerousx52mfd\x64\debug\elitedan.3514ffc5.tlog\cl.write.1.tlog
d:\utilities\game_tools\elite-dangerous-x52-mfd\elitedangerousx52mfd\elitedangerousx52mfd\x64\debug\elitedan.3514ffc5.tlog\link.command.1.tlog
d:\utilities\game_tools\elite-dangerous-x52-mfd\elitedangerousx52mfd\elitedangerousx52mfd\x64\debug\elitedan.3514ffc5.tlog\link.read.1.tlog
d:\utilities\game_tools\elite-dangerous-x52-mfd\elitedangerousx52mfd\elitedangerousx52mfd\x64\debug\elitedan.3514ffc5.tlog\link.write.1.tlog
d:\utilities\game_tools\elite-dangerous-x52-mfd\elitedangerousx52mfd\elitedangerousx52mfd\x64\debug\elitedan.3514ffc5.tlog\rc.command.1.tlog
d:\utilities\game_tools\elite-dangerous-x52-mfd\elitedangerousx52mfd\elitedangerousx52mfd\x64\debug\elitedan.3514ffc5.tlog\rc.read.1.tlog
d:\utilities\game_tools\elite-dangerous-x52-mfd\elitedangerousx52mfd\elitedangerousx52mfd\x64\debug\elitedan.3514ffc5.tlog\rc.write.1.tlog
